#
# There is insufficient memory for the Java Runtime Environment to continue.
# Native memory allocation (malloc) failed to allocate 268240 bytes for Chunk::new
# Possible reasons:
#   The system is out of physical RAM or swap space
#   The process is running with CompressedOops enabled, and the Java Heap may be blocking the growth of the native heap
# Possible solutions:
#   Reduce memory load on the system
#   Increase physical memory or swap space
#   Check if swap backing store is full
#   Decrease Java heap size (-Xmx/-Xms)
#   Decrease number of Java threads
#   Decrease Java thread stack sizes (-Xss)
#   Set larger code cache with -XX:ReservedCodeCacheSize=
#   JVM is running with Unscaled Compressed Oops mode in which the Java heap is
#     placed in the first 4GB address space. The Java Heap base address is the
#     maximum limit for the native heap growth. Please use -XX:HeapBaseMinAddress
#     to set the Java Heap base and to place the Java Heap above 4GB virtual address.
# This output file may be truncated or incomplete.
#
#  Out of Memory Error (arena.cpp:189), pid=4496, tid=5028
#
# JRE version: Java(TM) SE Runtime Environment (17.0.1+12) (build 17.0.1+12-LTS-39)
# Java VM: Java HotSpot(TM) 64-Bit Server VM (17.0.1+12-LTS-39, mixed mode, sharing, tiered, compressed oops, compressed class ptrs, g1 gc, windows-amd64)
# No core dump will be written. Minidumps are not enabled by default on client versions of Windows
#

---------------  S U M M A R Y ------------

Command Line: C:\automation\Automation\greenmio-test\target\surefire\surefirebooter2666346632702173172.jar C:\automation\Automation\greenmio-test\target\surefire\surefire7123546237566612397tmp C:\automation\Automation\greenmio-test\target\surefire\surefire_05999164085684263830tmp

Host: Intel(R) Core(TM)2 Duo CPU     E4500  @ 2.20GHz, 2 cores, 1G,  Windows 7 , 64 bit Build 7601 (6.1.7601.24384)
Time: Wed Jan 12 22:22:11 2022 Финляндия (зима) elapsed time: 1152.566109 seconds (0d 0h 19m 12s)

---------------  T H R E A D  ---------------

Current thread (0x000000001cb4c360):  JavaThread "C2 CompilerThread0" daemon [_thread_in_native, id=5028, stack(0x000000001e3e0000,0x000000001e4e0000)]


Current CompileTask:
C2:1152667 4890       4       java.lang.invoke.MethodType$ConcurrentWeakInternSet::get (47 bytes)

Stack: [0x000000001e3e0000,0x000000001e4e0000]
Native frames: (J=compiled Java code, j=interpreted, Vv=VM code, C=native code)
V  [jvm.dll+0x66fa1a]
V  [jvm.dll+0x7ce5a4]
V  [jvm.dll+0x7cfd4e]
V  [jvm.dll+0x7d03b3]
V  [jvm.dll+0x242b05]
V  [jvm.dll+0xaa05b]
V  [jvm.dll+0xaa5ec]
V  [jvm.dll+0x35fa07]
V  [jvm.dll+0x329f51]
V  [jvm.dll+0x3293fa]
V  [jvm.dll+0x215bf1]
V  [jvm.dll+0x215011]
V  [jvm.dll+0x1a168d]
V  [jvm.dll+0x224848]
V  [jvm.dll+0x2229ac]
V  [jvm.dll+0x78435b]
V  [jvm.dll+0x77e91a]
V  [jvm.dll+0x66e845]
C  [ucrtbase.DLL+0x1d912]
C  [kernel32.dll+0x1570d]
C  [ntdll.dll+0x5385d]


---------------  P R O C E S S  ---------------

Threads class SMR info:
_java_thread_list=0x000000001cf356b0, length=39, elements={
0x00000000003ae340, 0x0000000000443140, 0x0000000000444140, 0x000000001cb43380,
0x000000001cb45c40, 0x000000001cb47500, 0x000000001cb4b2c0, 0x000000001cb4c360,
0x000000001cb5d4d0, 0x000000001cb9c550, 0x000000001cfd4a30, 0x000000001cfd6190,
0x000000001ff76170, 0x000000001f4aeac0, 0x000000001f4aef90, 0x000000001f4af460,
0x000000001f4af930, 0x000000001f4b1ae0, 0x000000001f4b02d0, 0x000000001f4b1610,
0x000000001f4b0c70, 0x000000001f4ae5f0, 0x000000001f4b1140, 0x000000001ec79c60,
0x000000001ec7a600, 0x000000001ec7aad0, 0x000000001ec7afa0, 0x000000001ec7b940,
0x000000001ec7be10, 0x000000001ec7c2e0, 0x000000001ec7c7b0, 0x000000001ec7cc80,
0x000000001ec7d620, 0x00000000206f4010, 0x00000000206f49b0, 0x00000000206f4e80,
0x00000000206f5350, 0x00000000206f5820, 0x00000000206f5cf0
}

Java Threads: ( => current thread )
  0x00000000003ae340 JavaThread "Forwarding newSession on session null to remote" [_thread_blocked, id=6456, stack(0x00000000022b0000,0x00000000023b0000)]
  0x0000000000443140 JavaThread "Reference Handler" daemon [_thread_blocked, id=6452, stack(0x000000001d2e0000,0x000000001d3e0000)]
  0x0000000000444140 JavaThread "Finalizer" daemon [_thread_blocked, id=6460, stack(0x000000001dca0000,0x000000001dda0000)]
  0x000000001cb43380 JavaThread "Signal Dispatcher" daemon [_thread_blocked, id=4804, stack(0x000000001df00000,0x000000001e000000)]
  0x000000001cb45c40 JavaThread "Attach Listener" daemon [_thread_blocked, id=6468, stack(0x000000001e150000,0x000000001e250000)]
  0x000000001cb47500 JavaThread "Service Thread" daemon [_thread_blocked, id=3604, stack(0x000000001e2b0000,0x000000001e3b0000)]
  0x000000001cb4b2c0 JavaThread "Monitor Deflation Thread" daemon [_thread_blocked, id=4700, stack(0x000000001e020000,0x000000001e120000)]
=>0x000000001cb4c360 JavaThread "C2 CompilerThread0" daemon [_thread_in_native, id=5028, stack(0x000000001e3e0000,0x000000001e4e0000)]
  0x000000001cb5d4d0 JavaThread "C1 CompilerThread0" daemon [_thread_blocked, id=3948, stack(0x000000001e630000,0x000000001e730000)]
  0x000000001cb9c550 JavaThread "Sweeper thread" daemon [_thread_blocked, id=1896, stack(0x000000001e520000,0x000000001e620000)]
  0x000000001cfd4a30 JavaThread "Notification Thread" daemon [_thread_blocked, id=6492, stack(0x000000001e850000,0x000000001e950000)]
  0x000000001cfd6190 JavaThread "Common-Cleaner" daemon [_thread_blocked, id=3316, stack(0x000000001eb60000,0x000000001ec60000)]
  0x000000001ff76170 JavaThread "AsyncHttpClient-1-1" daemon [_thread_blocked, id=6148, stack(0x0000000021090000,0x0000000021190000)]
  0x000000001f4aeac0 JavaThread "AsyncHttpClient-1-2" daemon [_thread_in_native, id=6660, stack(0x0000000022580000,0x0000000022680000)]
  0x000000001f4aef90 JavaThread "AsyncHttpClient-1-3" daemon [_thread_in_native, id=4956, stack(0x000000001f060000,0x000000001f160000)]
  0x000000001f4af460 JavaThread "AsyncHttpClient-1-4" daemon [_thread_in_native, id=6356, stack(0x0000000025110000,0x0000000025210000)]
  0x000000001f4af930 JavaThread "Webdrivers killer thread" daemon [_thread_blocked, id=6284, stack(0x00000000262f0000,0x00000000263f0000)]
  0x000000001f4b1ae0 JavaThread "AsyncHttpClient-1-5" daemon [_thread_in_native, id=6992, stack(0x0000000021d40000,0x0000000021e40000)]
  0x000000001f4b02d0 JavaThread "UrlChecker-10" daemon [_thread_in_native, id=5472, stack(0x00000000220e0000,0x00000000221e0000)]
  0x000000001f4b1610 JavaThread "Exec Default Executor" daemon [_thread_in_native, id=5988, stack(0x0000000022470000,0x0000000022570000)]
  0x000000001f4b0c70 JavaThread "Driver Service Executor" daemon [_thread_blocked, id=5212, stack(0x0000000026400000,0x0000000026500000)]
  0x000000001f4ae5f0 JavaThread "Driver Service Executor" daemon [_thread_blocked, id=6376, stack(0x0000000021fd0000,0x00000000220d0000)]
  0x000000001f4b1140 JavaThread "Exec Stream Pumper" daemon [_thread_in_native, id=5088, stack(0x0000000020c40000,0x0000000020d40000)]
  0x000000001ec79c60 JavaThread "Exec Stream Pumper" daemon [_thread_in_native, id=3964, stack(0x0000000026550000,0x0000000026650000)]
  0x000000001ec7a600 JavaThread "Exec Default Executor" daemon [_thread_in_native, id=6836, stack(0x0000000022700000,0x0000000022800000)]
  0x000000001ec7aad0 JavaThread "Driver Service Executor" daemon [_thread_blocked, id=1120, stack(0x0000000028780000,0x0000000028880000)]
  0x000000001ec7afa0 JavaThread "Driver Service Executor" daemon [_thread_blocked, id=2976, stack(0x00000000288e0000,0x00000000289e0000)]
  0x000000001ec7b940 JavaThread "Exec Stream Pumper" daemon [_thread_in_native, id=7116, stack(0x0000000028c40000,0x0000000028d40000)]
  0x000000001ec7be10 JavaThread "Exec Stream Pumper" daemon [_thread_in_native, id=5196, stack(0x0000000028e10000,0x0000000028f10000)]
  0x000000001ec7c2e0 JavaThread "Exec Default Executor" daemon [_thread_in_native, id=5208, stack(0x0000000029020000,0x0000000029120000)]
  0x000000001ec7c7b0 JavaThread "Driver Service Executor" daemon [_thread_blocked, id=5660, stack(0x0000000020e80000,0x0000000020f80000)]
  0x000000001ec7cc80 JavaThread "Driver Service Executor" daemon [_thread_blocked, id=6544, stack(0x0000000029250000,0x0000000029350000)]
  0x000000001ec7d620 JavaThread "Exec Stream Pumper" daemon [_thread_in_native, id=4120, stack(0x0000000029510000,0x0000000029610000)]
  0x00000000206f4010 JavaThread "Exec Stream Pumper" daemon [_thread_in_native, id=3980, stack(0x0000000029720000,0x0000000029820000)]
  0x00000000206f49b0 JavaThread "Exec Default Executor" daemon [_thread_in_native, id=2932, stack(0x0000000029610000,0x0000000029710000)]
  0x00000000206f4e80 JavaThread "Driver Service Executor" daemon [_thread_blocked, id=2036, stack(0x0000000029a00000,0x0000000029b00000)]
  0x00000000206f5350 JavaThread "Driver Service Executor" daemon [_thread_blocked, id=6888, stack(0x0000000029b40000,0x0000000029c40000)]
  0x00000000206f5820 JavaThread "Exec Stream Pumper" daemon [_thread_in_native, id=4712, stack(0x0000000029cc0000,0x0000000029dc0000)]
  0x00000000206f5cf0 JavaThread "Exec Stream Pumper" daemon [_thread_in_native, id=6940, stack(0x00000000266a0000,0x00000000267a0000)]

Other Threads:
  0x000000000043a760 VMThread "VM Thread" [stack: 0x000000001d0d0000,0x000000001d1d0000] [id=6464]
  0x000000001cfd4f00 WatcherThread [stack: 0x000000001e9c0000,0x000000001eac0000] [id=5384]
  0x00000000003d7e70 GCTaskThread "GC Thread#0" [stack: 0x000000001a620000,0x000000001a720000] [id=6440]
  0x000000001ecd9ad0 GCTaskThread "GC Thread#1" [stack: 0x000000001f170000,0x000000001f270000] [id=4624]
  0x00000000003dccc0 ConcurrentGCThread "G1 Main Marker" [stack: 0x000000001a720000,0x000000001a820000] [id=6424]
  0x00000000003e01a0 ConcurrentGCThread "G1 Conc#0" [stack: 0x000000001a890000,0x000000001a990000] [id=6444]
  0x0000000000413320 ConcurrentGCThread "G1 Refine#0" [stack: 0x000000001cbd0000,0x000000001ccd0000] [id=6428]
  0x000000001fe53fc0 ConcurrentGCThread "G1 Refine#1" [stack: 0x0000000020d70000,0x0000000020e70000] [id=6960]
  0x0000000000413c50 ConcurrentGCThread "G1 Service" [stack: 0x000000001cd40000,0x000000001ce40000] [id=6448]

Threads with active compile tasks:
C2 CompilerThread0  1166248 4890       4       java.lang.invoke.MethodType$ConcurrentWeakInternSet::get (47 bytes)

VM state: not at safepoint (normal execution)

VM Mutex/Monitor currently owned by a thread: None

Heap address: 0x00000000e0000000, size: 512 MB, Compressed Oops mode: 32-bit

CDS archive(s) mapped at: [0x0000000800000000-0x0000000800bc0000-0x0000000800bc0000), size 12320768, SharedBaseAddress: 0x0000000800000000, ArchiveRelocationMode: 0.
Compressed class space mapped at: 0x0000000800c00000-0x0000000840c00000, reserved size: 1073741824
Narrow klass base: 0x0000000800000000, Narrow klass shift: 0, Narrow klass range: 0x100000000

GC Precious Log:
 CPUs: 2 total, 2 available
 Memory: 2046M
 Large Page Support: Disabled
 NUMA Support: Disabled
 Compressed Oops: Enabled (32-bit)
 Heap Region Size: 1M
 Heap Min Capacity: 8M
 Heap Initial Capacity: 32M
 Heap Max Capacity: 512M
 Pre-touch: Disabled
 Parallel Workers: 2
 Concurrent Workers: 1
 Concurrent Refinement Workers: 2
 Periodic GC: Disabled

Heap:
 garbage-first heap   total 157696K, used 86503K [0x00000000e0000000, 0x0000000100000000)
  region size 1024K, 3 young (3072K), 1 survivors (1024K)
 Metaspace       used 23123K, committed 23360K, reserved 1073152K
  class space    used 2729K, committed 2816K, reserved 1048576K

Heap Regions: E=young(eden), S=young(survivor), O=old, HS=humongous(starts), HC=humongous(continues), CS=collection set, F=free, OA=open archive, CA=closed archive, TAMS=top-at-mark-start (previous, next)
|   0|0x00000000e0000000, 0x00000000e0100000, 0x00000000e0100000|100%| O|  |TAMS 0x00000000e0100000, 0x00000000e0000000| Untracked 
|   1|0x00000000e0100000, 0x00000000e0200000, 0x00000000e0200000|100%| O|  |TAMS 0x00000000e0200000, 0x00000000e0100000| Untracked 
|   2|0x00000000e0200000, 0x00000000e0300000, 0x00000000e0300000|100%| O|  |TAMS 0x00000000e0300000, 0x00000000e0200000| Untracked 
|   3|0x00000000e0300000, 0x00000000e0400000, 0x00000000e0400000|100%| O|  |TAMS 0x00000000e0400000, 0x00000000e0300000| Untracked 
|   4|0x00000000e0400000, 0x00000000e0500000, 0x00000000e0500000|100%| O|  |TAMS 0x00000000e0500000, 0x00000000e0400000| Untracked 
|   5|0x00000000e0500000, 0x00000000e0600000, 0x00000000e0600000|100%| O|  |TAMS 0x00000000e0600000, 0x00000000e0500000| Untracked 
|   6|0x00000000e0600000, 0x00000000e0700000, 0x00000000e0700000|100%| O|  |TAMS 0x00000000e0700000, 0x00000000e0600000| Untracked 
|   7|0x00000000e0700000, 0x00000000e0800000, 0x00000000e0800000|100%| O|  |TAMS 0x00000000e0800000, 0x00000000e0700000| Untracked 
|   8|0x00000000e0800000, 0x00000000e0900000, 0x00000000e0900000|100%| O|  |TAMS 0x00000000e0900000, 0x00000000e0800000| Untracked 
|   9|0x00000000e0900000, 0x00000000e0a00000, 0x00000000e0a00000|100%| O|  |TAMS 0x00000000e0a00000, 0x00000000e0900000| Untracked 
|  10|0x00000000e0a00000, 0x00000000e0b00000, 0x00000000e0b00000|100%| O|  |TAMS 0x00000000e0b00000, 0x00000000e0a00000| Untracked 
|  11|0x00000000e0b00000, 0x00000000e0b00000, 0x00000000e0c00000|  0%| F|  |TAMS 0x00000000e0b00000, 0x00000000e0b00000| Untracked 
|  12|0x00000000e0c00000, 0x00000000e0d00000, 0x00000000e0d00000|100%|HS|  |TAMS 0x00000000e0d00000, 0x00000000e0c00000| Complete 
|  13|0x00000000e0d00000, 0x00000000e0e00000, 0x00000000e0e00000|100%|HC|  |TAMS 0x00000000e0e00000, 0x00000000e0d00000| Complete 
|  14|0x00000000e0e00000, 0x00000000e0f00000, 0x00000000e0f00000|100%|HC|  |TAMS 0x00000000e0f00000, 0x00000000e0e00000| Complete 
|  15|0x00000000e0f00000, 0x00000000e1000000, 0x00000000e1000000|100%|HC|  |TAMS 0x00000000e1000000, 0x00000000e0f00000| Complete 
|  16|0x00000000e1000000, 0x00000000e1100000, 0x00000000e1100000|100%|HC|  |TAMS 0x00000000e1100000, 0x00000000e1000000| Complete 
|  17|0x00000000e1100000, 0x00000000e1200000, 0x00000000e1200000|100%|HC|  |TAMS 0x00000000e1200000, 0x00000000e1100000| Complete 
|  18|0x00000000e1200000, 0x00000000e1300000, 0x00000000e1300000|100%|HC|  |TAMS 0x00000000e1300000, 0x00000000e1200000| Complete 
|  19|0x00000000e1300000, 0x00000000e1400000, 0x00000000e1400000|100%|HC|  |TAMS 0x00000000e1400000, 0x00000000e1300000| Complete 
|  20|0x00000000e1400000, 0x00000000e1500000, 0x00000000e1500000|100%|HC|  |TAMS 0x00000000e1500000, 0x00000000e1400000| Complete 
|  21|0x00000000e1500000, 0x00000000e1600000, 0x00000000e1600000|100%|HC|  |TAMS 0x00000000e1600000, 0x00000000e1500000| Complete 
|  22|0x00000000e1600000, 0x00000000e1700000, 0x00000000e1700000|100%|HC|  |TAMS 0x00000000e1700000, 0x00000000e1600000| Complete 
|  23|0x00000000e1700000, 0x00000000e1800000, 0x00000000e1800000|100%|HC|  |TAMS 0x00000000e1800000, 0x00000000e1700000| Complete 
|  24|0x00000000e1800000, 0x00000000e1900000, 0x00000000e1900000|100%|HC|  |TAMS 0x00000000e1900000, 0x00000000e1800000| Complete 
|  25|0x00000000e1900000, 0x00000000e1a00000, 0x00000000e1a00000|100%|HC|  |TAMS 0x00000000e1a00000, 0x00000000e1900000| Complete 
|  26|0x00000000e1a00000, 0x00000000e1b00000, 0x00000000e1b00000|100%|HC|  |TAMS 0x00000000e1b00000, 0x00000000e1a00000| Complete 
|  27|0x00000000e1b00000, 0x00000000e1c00000, 0x00000000e1c00000|100%|HC|  |TAMS 0x00000000e1c00000, 0x00000000e1b00000| Complete 
|  28|0x00000000e1c00000, 0x00000000e1d00000, 0x00000000e1d00000|100%|HC|  |TAMS 0x00000000e1d00000, 0x00000000e1c00000| Complete 
|  29|0x00000000e1d00000, 0x00000000e1e00000, 0x00000000e1e00000|100%| O|  |TAMS 0x00000000e1e00000, 0x00000000e1d00000| Untracked 
|  30|0x00000000e1e00000, 0x00000000e1f00000, 0x00000000e1f00000|100%| O|  |TAMS 0x00000000e1f00000, 0x00000000e1e00000| Untracked 
|  31|0x00000000e1f00000, 0x00000000e2000000, 0x00000000e2000000|100%| O|  |TAMS 0x00000000e2000000, 0x00000000e1f00000| Untracked 
|  32|0x00000000e2000000, 0x00000000e2000000, 0x00000000e2100000|  0%| F|  |TAMS 0x00000000e2000000, 0x00000000e2000000| Untracked 
|  33|0x00000000e2100000, 0x00000000e2200000, 0x00000000e2200000|100%| O|  |TAMS 0x00000000e2200000, 0x00000000e2100000| Untracked 
|  34|0x00000000e2200000, 0x00000000e2200000, 0x00000000e2300000|  0%| F|  |TAMS 0x00000000e2200000, 0x00000000e2200000| Untracked 
|  35|0x00000000e2300000, 0x00000000e2300000, 0x00000000e2400000|  0%| F|  |TAMS 0x00000000e2300000, 0x00000000e2300000| Untracked 
|  36|0x00000000e2400000, 0x00000000e2400000, 0x00000000e2500000|  0%| F|  |TAMS 0x00000000e2400000, 0x00000000e2400000| Untracked 
|  37|0x00000000e2500000, 0x00000000e2500000, 0x00000000e2600000|  0%| F|  |TAMS 0x00000000e2500000, 0x00000000e2500000| Untracked 
|  38|0x00000000e2600000, 0x00000000e2600000, 0x00000000e2700000|  0%| F|  |TAMS 0x00000000e2600000, 0x00000000e2600000| Untracked 
|  39|0x00000000e2700000, 0x00000000e2700000, 0x00000000e2800000|  0%| F|  |TAMS 0x00000000e2700000, 0x00000000e2700000| Untracked 
|  40|0x00000000e2800000, 0x00000000e2800000, 0x00000000e2900000|  0%| F|  |TAMS 0x00000000e2800000, 0x00000000e2800000| Untracked 
|  41|0x00000000e2900000, 0x00000000e2900000, 0x00000000e2a00000|  0%| F|  |TAMS 0x00000000e2900000, 0x00000000e2900000| Untracked 
|  42|0x00000000e2a00000, 0x00000000e2a00000, 0x00000000e2b00000|  0%| F|  |TAMS 0x00000000e2a00000, 0x00000000e2a00000| Untracked 
|  43|0x00000000e2b00000, 0x00000000e2b00000, 0x00000000e2c00000|  0%| F|  |TAMS 0x00000000e2b00000, 0x00000000e2b00000| Untracked 
|  44|0x00000000e2c00000, 0x00000000e2c00000, 0x00000000e2d00000|  0%| F|  |TAMS 0x00000000e2c00000, 0x00000000e2c00000| Untracked 
|  45|0x00000000e2d00000, 0x00000000e2d00000, 0x00000000e2e00000|  0%| F|  |TAMS 0x00000000e2d00000, 0x00000000e2d00000| Untracked 
|  46|0x00000000e2e00000, 0x00000000e2e00000, 0x00000000e2f00000|  0%| F|  |TAMS 0x00000000e2e00000, 0x00000000e2e00000| Untracked 
|  47|0x00000000e2f00000, 0x00000000e2f00000, 0x00000000e3000000|  0%| F|  |TAMS 0x00000000e2f00000, 0x00000000e2f00000| Untracked 
|  48|0x00000000e3000000, 0x00000000e3000000, 0x00000000e3100000|  0%| F|  |TAMS 0x00000000e3000000, 0x00000000e3000000| Untracked 
|  49|0x00000000e3100000, 0x00000000e3100000, 0x00000000e3200000|  0%| F|  |TAMS 0x00000000e3100000, 0x00000000e3100000| Untracked 
|  50|0x00000000e3200000, 0x00000000e3200000, 0x00000000e3300000|  0%| F|  |TAMS 0x00000000e3200000, 0x00000000e3200000| Untracked 
|  51|0x00000000e3300000, 0x00000000e3300000, 0x00000000e3400000|  0%| F|  |TAMS 0x00000000e3300000, 0x00000000e3300000| Untracked 
|  52|0x00000000e3400000, 0x00000000e3400000, 0x00000000e3500000|  0%| F|  |TAMS 0x00000000e3400000, 0x00000000e3400000| Untracked 
|  53|0x00000000e3500000, 0x00000000e3500000, 0x00000000e3600000|  0%| F|  |TAMS 0x00000000e3500000, 0x00000000e3500000| Untracked 
|  54|0x00000000e3600000, 0x00000000e3700000, 0x00000000e3700000|100%|HS|  |TAMS 0x00000000e3700000, 0x00000000e3600000| Complete 
|  55|0x00000000e3700000, 0x00000000e3800000, 0x00000000e3800000|100%|HC|  |TAMS 0x00000000e3800000, 0x00000000e3700000| Complete 
|  56|0x00000000e3800000, 0x00000000e3900000, 0x00000000e3900000|100%|HC|  |TAMS 0x00000000e3900000, 0x00000000e3800000| Complete 
|  57|0x00000000e3900000, 0x00000000e3a00000, 0x00000000e3a00000|100%|HC|  |TAMS 0x00000000e3a00000, 0x00000000e3900000| Complete 
|  58|0x00000000e3a00000, 0x00000000e3b00000, 0x00000000e3b00000|100%|HC|  |TAMS 0x00000000e3b00000, 0x00000000e3a00000| Complete 
|  59|0x00000000e3b00000, 0x00000000e3c00000, 0x00000000e3c00000|100%|HC|  |TAMS 0x00000000e3c00000, 0x00000000e3b00000| Complete 
|  60|0x00000000e3c00000, 0x00000000e3d00000, 0x00000000e3d00000|100%|HC|  |TAMS 0x00000000e3d00000, 0x00000000e3c00000| Complete 
|  61|0x00000000e3d00000, 0x00000000e3e00000, 0x00000000e3e00000|100%|HC|  |TAMS 0x00000000e3e00000, 0x00000000e3d00000| Complete 
|  62|0x00000000e3e00000, 0x00000000e3f00000, 0x00000000e3f00000|100%|HC|  |TAMS 0x00000000e3f00000, 0x00000000e3e00000| Complete 
|  63|0x00000000e3f00000, 0x00000000e4000000, 0x00000000e4000000|100%|HC|  |TAMS 0x00000000e4000000, 0x00000000e3f00000| Complete 
|  64|0x00000000e4000000, 0x00000000e4100000, 0x00000000e4100000|100%|HC|  |TAMS 0x00000000e4100000, 0x00000000e4000000| Complete 
|  65|0x00000000e4100000, 0x00000000e4200000, 0x00000000e4200000|100%|HC|  |TAMS 0x00000000e4200000, 0x00000000e4100000| Complete 
|  66|0x00000000e4200000, 0x00000000e4300000, 0x00000000e4300000|100%|HC|  |TAMS 0x00000000e4300000, 0x00000000e4200000| Complete 
|  67|0x00000000e4300000, 0x00000000e4400000, 0x00000000e4400000|100%|HC|  |TAMS 0x00000000e4400000, 0x00000000e4300000| Complete 
|  68|0x00000000e4400000, 0x00000000e4500000, 0x00000000e4500000|100%|HC|  |TAMS 0x00000000e4500000, 0x00000000e4400000| Complete 
|  69|0x00000000e4500000, 0x00000000e4600000, 0x00000000e4600000|100%|HC|  |TAMS 0x00000000e4600000, 0x00000000e4500000| Complete 
|  70|0x00000000e4600000, 0x00000000e4700000, 0x00000000e4700000|100%|HC|  |TAMS 0x00000000e4700000, 0x00000000e4600000| Complete 
|  71|0x00000000e4700000, 0x00000000e4800000, 0x00000000e4800000|100%|HS|  |TAMS 0x00000000e4800000, 0x00000000e4700000| Complete 
|  72|0x00000000e4800000, 0x00000000e4900000, 0x00000000e4900000|100%|HC|  |TAMS 0x00000000e4900000, 0x00000000e4800000| Complete 
|  73|0x00000000e4900000, 0x00000000e4a00000, 0x00000000e4a00000|100%|HC|  |TAMS 0x00000000e4a00000, 0x00000000e4900000| Complete 
|  74|0x00000000e4a00000, 0x00000000e4b00000, 0x00000000e4b00000|100%|HC|  |TAMS 0x00000000e4b00000, 0x00000000e4a00000| Complete 
|  75|0x00000000e4b00000, 0x00000000e4c00000, 0x00000000e4c00000|100%|HC|  |TAMS 0x00000000e4c00000, 0x00000000e4b00000| Complete 
|  76|0x00000000e4c00000, 0x00000000e4d00000, 0x00000000e4d00000|100%|HC|  |TAMS 0x00000000e4d00000, 0x00000000e4c00000| Complete 
|  77|0x00000000e4d00000, 0x00000000e4e00000, 0x00000000e4e00000|100%|HC|  |TAMS 0x00000000e4e00000, 0x00000000e4d00000| Complete 
|  78|0x00000000e4e00000, 0x00000000e4f00000, 0x00000000e4f00000|100%|HC|  |TAMS 0x00000000e4f00000, 0x00000000e4e00000| Complete 
|  79|0x00000000e4f00000, 0x00000000e5000000, 0x00000000e5000000|100%|HC|  |TAMS 0x00000000e5000000, 0x00000000e4f00000| Complete 
|  80|0x00000000e5000000, 0x00000000e5100000, 0x00000000e5100000|100%|HC|  |TAMS 0x00000000e5100000, 0x00000000e5000000| Complete 
|  81|0x00000000e5100000, 0x00000000e5200000, 0x00000000e5200000|100%|HC|  |TAMS 0x00000000e5200000, 0x00000000e5100000| Complete 
|  82|0x00000000e5200000, 0x00000000e5300000, 0x00000000e5300000|100%|HC|  |TAMS 0x00000000e5300000, 0x00000000e5200000| Complete 
|  83|0x00000000e5300000, 0x00000000e5400000, 0x00000000e5400000|100%|HC|  |TAMS 0x00000000e5400000, 0x00000000e5300000| Complete 
|  84|0x00000000e5400000, 0x00000000e5500000, 0x00000000e5500000|100%|HC|  |TAMS 0x00000000e5500000, 0x00000000e5400000| Complete 
|  85|0x00000000e5500000, 0x00000000e5600000, 0x00000000e5600000|100%|HC|  |TAMS 0x00000000e5600000, 0x00000000e5500000| Complete 
|  86|0x00000000e5600000, 0x00000000e5700000, 0x00000000e5700000|100%|HC|  |TAMS 0x00000000e5700000, 0x00000000e5600000| Complete 
|  87|0x00000000e5700000, 0x00000000e5800000, 0x00000000e5800000|100%|HC|  |TAMS 0x00000000e5800000, 0x00000000e5700000| Complete 
|  88|0x00000000e5800000, 0x00000000e5900000, 0x00000000e5900000|100%|HS|  |TAMS 0x00000000e5900000, 0x00000000e5800000| Complete 
|  89|0x00000000e5900000, 0x00000000e5a00000, 0x00000000e5a00000|100%|HC|  |TAMS 0x00000000e5a00000, 0x00000000e5900000| Complete 
|  90|0x00000000e5a00000, 0x00000000e5b00000, 0x00000000e5b00000|100%|HC|  |TAMS 0x00000000e5b00000, 0x00000000e5a00000| Complete 
|  91|0x00000000e5b00000, 0x00000000e5c00000, 0x00000000e5c00000|100%|HC|  |TAMS 0x00000000e5c00000, 0x00000000e5b00000| Complete 
|  92|0x00000000e5c00000, 0x00000000e5d00000, 0x00000000e5d00000|100%|HC|  |TAMS 0x00000000e5d00000, 0x00000000e5c00000| Complete 
|  93|0x00000000e5d00000, 0x00000000e5e00000, 0x00000000e5e00000|100%|HC|  |TAMS 0x00000000e5e00000, 0x00000000e5d00000| Complete 
|  94|0x00000000e5e00000, 0x00000000e5f00000, 0x00000000e5f00000|100%|HC|  |TAMS 0x00000000e5f00000, 0x00000000e5e00000| Complete 
|  95|0x00000000e5f00000, 0x00000000e6000000, 0x00000000e6000000|100%|HC|  |TAMS 0x00000000e6000000, 0x00000000e5f00000| Complete 
|  96|0x00000000e6000000, 0x00000000e6100000, 0x00000000e6100000|100%|HC|  |TAMS 0x00000000e6100000, 0x00000000e6000000| Complete 
|  97|0x00000000e6100000, 0x00000000e6200000, 0x00000000e6200000|100%|HC|  |TAMS 0x00000000e6200000, 0x00000000e6100000| Complete 
|  98|0x00000000e6200000, 0x00000000e6300000, 0x00000000e6300000|100%|HC|  |TAMS 0x00000000e6300000, 0x00000000e6200000| Complete 
|  99|0x00000000e6300000, 0x00000000e6400000, 0x00000000e6400000|100%|HC|  |TAMS 0x00000000e6400000, 0x00000000e6300000| Complete 
| 100|0x00000000e6400000, 0x00000000e6500000, 0x00000000e6500000|100%|HC|  |TAMS 0x00000000e6500000, 0x00000000e6400000| Complete 
| 101|0x00000000e6500000, 0x00000000e6600000, 0x00000000e6600000|100%|HC|  |TAMS 0x00000000e6600000, 0x00000000e6500000| Complete 
| 102|0x00000000e6600000, 0x00000000e6700000, 0x00000000e6700000|100%|HC|  |TAMS 0x00000000e6700000, 0x00000000e6600000| Complete 
| 103|0x00000000e6700000, 0x00000000e6800000, 0x00000000e6800000|100%|HC|  |TAMS 0x00000000e6800000, 0x00000000e6700000| Complete 
| 104|0x00000000e6800000, 0x00000000e6900000, 0x00000000e6900000|100%|HC|  |TAMS 0x00000000e6900000, 0x00000000e6800000| Complete 
| 105|0x00000000e6900000, 0x00000000e6900000, 0x00000000e6a00000|  0%| F|  |TAMS 0x00000000e6900000, 0x00000000e6900000| Untracked 
| 106|0x00000000e6a00000, 0x00000000e6a00000, 0x00000000e6b00000|  0%| F|  |TAMS 0x00000000e6a00000, 0x00000000e6a00000| Untracked 
| 107|0x00000000e6b00000, 0x00000000e6b00000, 0x00000000e6c00000|  0%| F|  |TAMS 0x00000000e6b00000, 0x00000000e6b00000| Untracked 
| 108|0x00000000e6c00000, 0x00000000e6c00000, 0x00000000e6d00000|  0%| F|  |TAMS 0x00000000e6c00000, 0x00000000e6c00000| Untracked 
| 109|0x00000000e6d00000, 0x00000000e6d00000, 0x00000000e6e00000|  0%| F|  |TAMS 0x00000000e6d00000, 0x00000000e6d00000| Untracked 
| 110|0x00000000e6e00000, 0x00000000e6e00000, 0x00000000e6f00000|  0%| F|  |TAMS 0x00000000e6e00000, 0x00000000e6e00000| Untracked 
| 111|0x00000000e6f00000, 0x00000000e6f00000, 0x00000000e7000000|  0%| F|  |TAMS 0x00000000e6f00000, 0x00000000e6f00000| Untracked 
| 112|0x00000000e7000000, 0x00000000e7000000, 0x00000000e7100000|  0%| F|  |TAMS 0x00000000e7000000, 0x00000000e7000000| Untracked 
| 113|0x00000000e7100000, 0x00000000e7100000, 0x00000000e7200000|  0%| F|  |TAMS 0x00000000e7100000, 0x00000000e7100000| Untracked 
| 114|0x00000000e7200000, 0x00000000e7200000, 0x00000000e7300000|  0%| F|  |TAMS 0x00000000e7200000, 0x00000000e7200000| Untracked 
| 115|0x00000000e7300000, 0x00000000e7300000, 0x00000000e7400000|  0%| F|  |TAMS 0x00000000e7300000, 0x00000000e7300000| Untracked 
| 116|0x00000000e7400000, 0x00000000e7400000, 0x00000000e7500000|  0%| F|  |TAMS 0x00000000e7400000, 0x00000000e7400000| Untracked 
| 117|0x00000000e7500000, 0x00000000e7500000, 0x00000000e7600000|  0%| F|  |TAMS 0x00000000e7500000, 0x00000000e7500000| Untracked 
| 118|0x00000000e7600000, 0x00000000e7600000, 0x00000000e7700000|  0%| F|  |TAMS 0x00000000e7600000, 0x00000000e7600000| Untracked 
| 119|0x00000000e7700000, 0x00000000e7700000, 0x00000000e7800000|  0%| F|  |TAMS 0x00000000e7700000, 0x00000000e7700000| Untracked 
| 120|0x00000000e7800000, 0x00000000e7800000, 0x00000000e7900000|  0%| F|  |TAMS 0x00000000e7800000, 0x00000000e7800000| Untracked 
| 121|0x00000000e7900000, 0x00000000e7900000, 0x00000000e7a00000|  0%| F|  |TAMS 0x00000000e7900000, 0x00000000e7900000| Untracked 
| 122|0x00000000e7a00000, 0x00000000e7a00000, 0x00000000e7b00000|  0%| F|  |TAMS 0x00000000e7a00000, 0x00000000e7a00000| Untracked 
| 123|0x00000000e7b00000, 0x00000000e7b00000, 0x00000000e7c00000|  0%| F|  |TAMS 0x00000000e7b00000, 0x00000000e7b00000| Untracked 
| 124|0x00000000e7c00000, 0x00000000e7c00000, 0x00000000e7d00000|  0%| F|  |TAMS 0x00000000e7c00000, 0x00000000e7c00000| Untracked 
| 125|0x00000000e7d00000, 0x00000000e7d00000, 0x00000000e7e00000|  0%| F|  |TAMS 0x00000000e7d00000, 0x00000000e7d00000| Untracked 
| 126|0x00000000e7e00000, 0x00000000e7e00000, 0x00000000e7f00000|  0%| F|  |TAMS 0x00000000e7e00000, 0x00000000e7e00000| Untracked 
| 127|0x00000000e7f00000, 0x00000000e7f00000, 0x00000000e8000000|  0%| F|  |TAMS 0x00000000e7f00000, 0x00000000e7f00000| Untracked 
| 128|0x00000000e8000000, 0x00000000e8000000, 0x00000000e8100000|  0%| F|  |TAMS 0x00000000e8000000, 0x00000000e8000000| Untracked 
| 129|0x00000000e8100000, 0x00000000e8100000, 0x00000000e8200000|  0%| F|  |TAMS 0x00000000e8100000, 0x00000000e8100000| Untracked 
| 130|0x00000000e8200000, 0x00000000e8200000, 0x00000000e8300000|  0%| F|  |TAMS 0x00000000e8200000, 0x00000000e8200000| Untracked 
| 131|0x00000000e8300000, 0x00000000e8300000, 0x00000000e8400000|  0%| F|  |TAMS 0x00000000e8300000, 0x00000000e8300000| Untracked 
| 132|0x00000000e8400000, 0x00000000e8400000, 0x00000000e8500000|  0%| F|  |TAMS 0x00000000e8400000, 0x00000000e8400000| Untracked 
| 133|0x00000000e8500000, 0x00000000e8500000, 0x00000000e8600000|  0%| F|  |TAMS 0x00000000e8500000, 0x00000000e8500000| Untracked 
| 134|0x00000000e8600000, 0x00000000e8600000, 0x00000000e8700000|  0%| F|  |TAMS 0x00000000e8600000, 0x00000000e8600000| Untracked 
| 135|0x00000000e8700000, 0x00000000e8700000, 0x00000000e8800000|  0%| F|  |TAMS 0x00000000e8700000, 0x00000000e8700000| Untracked 
| 136|0x00000000e8800000, 0x00000000e8800000, 0x00000000e8900000|  0%| F|  |TAMS 0x00000000e8800000, 0x00000000e8800000| Untracked 
| 137|0x00000000e8900000, 0x00000000e8900000, 0x00000000e8a00000|  0%| F|  |TAMS 0x00000000e8900000, 0x00000000e8900000| Untracked 
| 138|0x00000000e8a00000, 0x00000000e8a00000, 0x00000000e8b00000|  0%| F|  |TAMS 0x00000000e8a00000, 0x00000000e8a00000| Untracked 
| 139|0x00000000e8b00000, 0x00000000e8b00000, 0x00000000e8c00000|  0%| F|  |TAMS 0x00000000e8b00000, 0x00000000e8b00000| Untracked 
| 140|0x00000000e8c00000, 0x00000000e8c00000, 0x00000000e8d00000|  0%| F|  |TAMS 0x00000000e8c00000, 0x00000000e8c00000| Untracked 
| 141|0x00000000e8d00000, 0x00000000e8d00000, 0x00000000e8e00000|  0%| F|  |TAMS 0x00000000e8d00000, 0x00000000e8d00000| Untracked 
| 142|0x00000000e8e00000, 0x00000000e8e00000, 0x00000000e8f00000|  0%| F|  |TAMS 0x00000000e8e00000, 0x00000000e8e00000| Untracked 
| 143|0x00000000e8f00000, 0x00000000e8f00000, 0x00000000e9000000|  0%| F|  |TAMS 0x00000000e8f00000, 0x00000000e8f00000| Untracked 
| 144|0x00000000e9000000, 0x00000000e9000000, 0x00000000e9100000|  0%| F|  |TAMS 0x00000000e9000000, 0x00000000e9000000| Untracked 
| 145|0x00000000e9100000, 0x00000000e9179de0, 0x00000000e9200000| 47%| S|CS|TAMS 0x00000000e9100000, 0x00000000e9100000| Complete 
| 146|0x00000000e9200000, 0x00000000e9200000, 0x00000000e9300000|  0%| F|  |TAMS 0x00000000e9200000, 0x00000000e9200000| Untracked 
| 147|0x00000000e9300000, 0x00000000e9300000, 0x00000000e9400000|  0%| F|  |TAMS 0x00000000e9300000, 0x00000000e9300000| Untracked 
| 148|0x00000000e9400000, 0x00000000e9400000, 0x00000000e9500000|  0%| F|  |TAMS 0x00000000e9400000, 0x00000000e9400000| Untracked 
| 149|0x00000000e9500000, 0x00000000e9500000, 0x00000000e9600000|  0%| F|  |TAMS 0x00000000e9500000, 0x00000000e9500000| Untracked 
| 150|0x00000000e9600000, 0x00000000e9600000, 0x00000000e9700000|  0%| F|  |TAMS 0x00000000e9600000, 0x00000000e9600000| Untracked 
| 151|0x00000000e9700000, 0x00000000e9700000, 0x00000000e9800000|  0%| F|  |TAMS 0x00000000e9700000, 0x00000000e9700000| Untracked 
| 152|0x00000000e9800000, 0x00000000e98f6398, 0x00000000e9900000| 96%| E|  |TAMS 0x00000000e9800000, 0x00000000e9800000| Complete 
| 153|0x00000000e9900000, 0x00000000e9a00000, 0x00000000e9a00000|100%| E|CS|TAMS 0x00000000e9900000, 0x00000000e9900000| Complete 

Card table byte_map: [0x00000000192b0000,0x00000000193b0000] _byte_map_base: 0x0000000018bb0000

Marking Bits (Prev, Next): (CMBitMap*) 0x00000000003d83d0, (CMBitMap*) 0x00000000003d8390
 Prev Bits: [0x0000000019cb0000, 0x000000001a4b0000)
 Next Bits: [0x00000000194b0000, 0x0000000019cb0000)

Polling page: 0x0000000000230000

Metaspace:

Usage:
  Non-class:     19.92 MB used.
      Class:      2.67 MB used.
       Both:     22.58 MB used.

Virtual space:
  Non-class space:       24.00 MB reserved,      20.06 MB ( 84%) committed,  3 nodes.
      Class space:        1.00 GB reserved,       2.75 MB ( <1%) committed,  1 nodes.
             Both:        1.02 GB reserved,      22.81 MB (  2%) committed. 

Chunk freelists:
   Non-Class:  3.54 MB
       Class:  1.29 MB
        Both:  4.84 MB

MaxMetaspaceSize: unlimited
CompressedClassSpaceSize: 1.00 GB
Initial GC threshold: 21.00 MB
Current GC threshold: 38.06 MB
CDS: on
MetaspaceReclaimPolicy: balanced
 - commit_granule_bytes: 65536.
 - commit_granule_words: 8192.
 - virtual_space_node_default_size: 1048576.
 - enlarge_chunks_in_place: 1.
 - new_chunks_are_fully_committed: 0.
 - uncommit_free_chunks: 1.
 - use_allocation_guard: 0.
 - handle_deallocations: 1.


Internal statistics:

num_allocs_failed_limit: 0.
num_arena_births: 198.
num_arena_deaths: 38.
num_vsnodes_births: 4.
num_vsnodes_deaths: 0.
num_space_committed: 365.
num_space_uncommitted: 0.
num_chunks_returned_to_freelist: 48.
num_chunks_taken_from_freelist: 836.
num_chunk_merges: 12.
num_chunk_splits: 548.
num_chunks_enlarged: 425.
num_purges: 2.
num_inconsistent_stats: 0.

CodeHeap 'non-profiled nmethods': size=120064Kb used=2013Kb max_used=2013Kb free=118050Kb
 bounds [0x0000000011a50000, 0x0000000011cc0000, 0x0000000018f90000]
CodeHeap 'profiled nmethods': size=120000Kb used=9522Kb max_used=9522Kb free=110477Kb
 bounds [0x000000000a520000, 0x000000000ae70000, 0x0000000011a50000]
CodeHeap 'non-nmethods': size=5696Kb used=1266Kb max_used=1314Kb free=4429Kb
 bounds [0x0000000009f90000, 0x000000000a200000, 0x000000000a520000]
 total_blobs=5388 nmethods=4813 adapters=488
 compilation: enabled
              stopped_count=0, restarted_count=0
 full_count=0

Compilation events (20 events):
Event: 1099.599 Thread 0x000000001cb4c360 nmethod 4879 0x0000000011c45d90 code [0x0000000011c45f00, 0x0000000011c45f98]
Event: 1102.298 Thread 0x000000001cb5d4d0 4880       3       java.util.concurrent.ConcurrentSkipListMap$KeySet::iterator (52 bytes)
Event: 1102.299 Thread 0x000000001cb5d4d0 nmethod 4880 0x000000000ae62010 code [0x000000000ae62280, 0x000000000ae62e78]
Event: 1102.300 Thread 0x000000001cb5d4d0 4881       3       java.util.concurrent.ConcurrentSkipListMap$KeyIterator::<init> (11 bytes)
Event: 1102.300 Thread 0x000000001cb5d4d0 nmethod 4881 0x000000000ae63210 code [0x000000000ae633e0, 0x000000000ae637c8]
Event: 1106.060 Thread 0x000000001cb4c360 4882       4       java.lang.Class::privateGetDeclaredMethods (64 bytes)
Event: 1106.136 Thread 0x000000001cb5d4d0 4885       3       sun.nio.ch.SocketChannelImpl::ensureOpen (16 bytes)
Event: 1106.136 Thread 0x000000001cb5d4d0 nmethod 4885 0x000000000ae63990 code [0x000000000ae63b40, 0x000000000ae63e08]
Event: 1106.339 Thread 0x000000001cb4c360 nmethod 4882 0x0000000011c46090 code [0x0000000011c46260, 0x0000000011c46d78]
Event: 1106.339 Thread 0x000000001cb4c360 4884       4       java.util.Objects::checkFromIndexSize (8 bytes)
Event: 1106.489 Thread 0x000000001cb4c360 nmethod 4884 0x0000000011c47110 code [0x0000000011c47280, 0x0000000011c47338]
Event: 1122.094 Thread 0x000000001cb4c360 4886       4       sun.net.util.IPAddressUtil::match (50 bytes)
Event: 1122.095 Thread 0x000000001cb4c360 nmethod 4886 0x0000000011c47410 code [0x0000000011c47580, 0x0000000011c47638]
Event: 1145.159 Thread 0x000000001cb5d4d0 4887       3       sun.net.util.IPAddressUtil::checkAuthority (56 bytes)
Event: 1145.161 Thread 0x000000001cb5d4d0 nmethod 4887 0x000000000ae63f10 code [0x000000000ae64100, 0x000000000ae644c8]
Event: 1145.161 Thread 0x000000001cb5d4d0 4888       3       sun.net.util.IPAddressUtil::checkUserInfo (44 bytes)
Event: 1145.162 Thread 0x000000001cb5d4d0 nmethod 4888 0x000000000ae64610 code [0x000000000ae648c0, 0x000000000ae653c8]
Event: 1145.162 Thread 0x000000001cb5d4d0 4889       3       sun.net.util.IPAddressUtil::checkHost (145 bytes)
Event: 1145.167 Thread 0x000000001cb5d4d0 nmethod 4889 0x000000000ae65810 code [0x000000000ae65d00, 0x000000000ae67d08]
Event: 1148.186 Thread 0x000000001cb4c360 4890       4       java.lang.invoke.MethodType$ConcurrentWeakInternSet::get (47 bytes)

GC Heap History (20 events):
Event: 739.171 GC heap before
{Heap before GC invocations=29 (full 0):
 garbage-first heap   total 148480K, used 88580K [0x00000000e0000000, 0x0000000100000000)
  region size 1024K, 2 young (2048K), 1 survivors (1024K)
 Metaspace       used 22787K, committed 22976K, reserved 1073152K
  class space    used 2722K, committed 2816K, reserved 1048576K
}
Event: 739.367 GC heap after
{Heap after GC invocations=30 (full 0):
 garbage-first heap   total 148480K, used 87079K [0x00000000e0000000, 0x0000000100000000)
  region size 1024K, 1 young (1024K), 1 survivors (1024K)
 Metaspace       used 22787K, committed 22976K, reserved 1073152K
  class space    used 2722K, committed 2816K, reserved 1048576K
}
Event: 741.544 GC heap before
{Heap before GC invocations=31 (full 0):
 garbage-first heap   total 152576K, used 89127K [0x00000000e0000000, 0x0000000100000000)
  region size 1024K, 3 young (3072K), 1 survivors (1024K)
 Metaspace       used 22787K, committed 22976K, reserved 1073152K
  class space    used 2722K, committed 2816K, reserved 1048576K
}
Event: 741.572 GC heap after
{Heap after GC invocations=32 (full 0):
 garbage-first heap   total 152576K, used 86913K [0x00000000e0000000, 0x0000000100000000)
  region size 1024K, 1 young (1024K), 1 survivors (1024K)
 Metaspace       used 22787K, committed 22976K, reserved 1073152K
  class space    used 2722K, committed 2816K, reserved 1048576K
}
Event: 743.684 GC heap before
{Heap before GC invocations=33 (full 0):
 garbage-first heap   total 153600K, used 91009K [0x00000000e0000000, 0x0000000100000000)
  region size 1024K, 2 young (2048K), 1 survivors (1024K)
 Metaspace       used 22789K, committed 22976K, reserved 1073152K
  class space    used 2722K, committed 2816K, reserved 1048576K
}
Event: 743.686 GC heap after
{Heap after GC invocations=34 (full 0):
 garbage-first heap   total 153600K, used 87639K [0x00000000e0000000, 0x0000000100000000)
  region size 1024K, 1 young (1024K), 1 survivors (1024K)
 Metaspace       used 22789K, committed 22976K, reserved 1073152K
  class space    used 2722K, committed 2816K, reserved 1048576K
}
Event: 747.634 GC heap before
{Heap before GC invocations=35 (full 0):
 garbage-first heap   total 153600K, used 88663K [0x00000000e0000000, 0x0000000100000000)
  region size 1024K, 3 young (3072K), 1 survivors (1024K)
 Metaspace       used 22798K, committed 22976K, reserved 1073152K
  class space    used 2722K, committed 2816K, reserved 1048576K
}
Event: 747.638 GC heap after
{Heap after GC invocations=36 (full 0):
 garbage-first heap   total 153600K, used 86220K [0x00000000e0000000, 0x0000000100000000)
  region size 1024K, 1 young (1024K), 1 survivors (1024K)
 Metaspace       used 22798K, committed 22976K, reserved 1073152K
  class space    used 2722K, committed 2816K, reserved 1048576K
}
Event: 747.884 GC heap before
{Heap before GC invocations=37 (full 0):
 garbage-first heap   total 153600K, used 92364K [0x00000000e0000000, 0x0000000100000000)
  region size 1024K, 3 young (3072K), 1 survivors (1024K)
 Metaspace       used 22810K, committed 22976K, reserved 1073152K
  class space    used 2722K, committed 2816K, reserved 1048576K
}
Event: 748.409 GC heap after
{Heap after GC invocations=38 (full 0):
 garbage-first heap   total 153600K, used 89308K [0x00000000e0000000, 0x0000000100000000)
  region size 1024K, 1 young (1024K), 1 survivors (1024K)
 Metaspace       used 22810K, committed 22976K, reserved 1073152K
  class space    used 2722K, committed 2816K, reserved 1048576K
}
Event: 749.642 GC heap before
{Heap before GC invocations=39 (full 0):
 garbage-first heap   total 155648K, used 94428K [0x00000000e0000000, 0x0000000100000000)
  region size 1024K, 2 young (2048K), 1 survivors (1024K)
 Metaspace       used 22810K, committed 22976K, reserved 1073152K
  class space    used 2722K, committed 2816K, reserved 1048576K
}
Event: 749.673 GC heap after
{Heap after GC invocations=40 (full 0):
 garbage-first heap   total 155648K, used 89308K [0x00000000e0000000, 0x0000000100000000)
  region size 1024K, 1 young (1024K), 1 survivors (1024K)
 Metaspace       used 22810K, committed 22976K, reserved 1073152K
  class space    used 2722K, committed 2816K, reserved 1048576K
}
Event: 828.484 GC heap before
{Heap before GC invocations=41 (full 0):
 garbage-first heap   total 157696K, used 99548K [0x00000000e0000000, 0x0000000100000000)
  region size 1024K, 7 young (7168K), 1 survivors (1024K)
 Metaspace       used 22901K, committed 23104K, reserved 1073152K
  class space    used 2724K, committed 2816K, reserved 1048576K
}
Event: 828.616 GC heap after
{Heap after GC invocations=42 (full 0):
 garbage-first heap   total 157696K, used 88374K [0x00000000e0000000, 0x0000000100000000)
  region size 1024K, 1 young (1024K), 1 survivors (1024K)
 Metaspace       used 22901K, committed 23104K, reserved 1073152K
  class space    used 2724K, committed 2816K, reserved 1048576K
}
Event: 922.121 GC heap before
{Heap before GC invocations=42 (full 0):
 garbage-first heap   total 157696K, used 94518K [0x00000000e0000000, 0x0000000100000000)
  region size 1024K, 7 young (7168K), 1 survivors (1024K)
 Metaspace       used 22940K, committed 23168K, reserved 1073152K
  class space    used 2725K, committed 2816K, reserved 1048576K
}
Event: 922.123 GC heap after
{Heap after GC invocations=43 (full 0):
 garbage-first heap   total 157696K, used 88458K [0x00000000e0000000, 0x0000000100000000)
  region size 1024K, 1 young (1024K), 1 survivors (1024K)
 Metaspace       used 22940K, committed 23168K, reserved 1073152K
  class space    used 2725K, committed 2816K, reserved 1048576K
}
Event: 1025.540 GC heap before
{Heap before GC invocations=44 (full 0):
 garbage-first heap   total 157696K, used 93368K [0x00000000e0000000, 0x0000000100000000)
  region size 1024K, 7 young (7168K), 1 survivors (1024K)
 Metaspace       used 23018K, committed 23232K, reserved 1073152K
  class space    used 2727K, committed 2816K, reserved 1048576K
}
Event: 1026.151 GC heap after
{Heap after GC invocations=45 (full 0):
 garbage-first heap   total 157696K, used 87242K [0x00000000e0000000, 0x0000000100000000)
  region size 1024K, 1 young (1024K), 1 survivors (1024K)
 Metaspace       used 23018K, committed 23232K, reserved 1073152K
  class space    used 2727K, committed 2816K, reserved 1048576K
}
Event: 1093.644 GC heap before
{Heap before GC invocations=45 (full 0):
 garbage-first heap   total 157696K, used 94410K [0x00000000e0000000, 0x0000000100000000)
  region size 1024K, 8 young (8192K), 1 survivors (1024K)
 Metaspace       used 23110K, committed 23360K, reserved 1073152K
  class space    used 2729K, committed 2816K, reserved 1048576K
}
Event: 1094.075 GC heap after
{Heap after GC invocations=46 (full 0):
 garbage-first heap   total 157696K, used 85479K [0x00000000e0000000, 0x0000000100000000)
  region size 1024K, 1 young (1024K), 1 survivors (1024K)
 Metaspace       used 23110K, committed 23360K, reserved 1073152K
  class space    used 2729K, committed 2816K, reserved 1048576K
}

Deoptimization events (20 events):
Event: 990.872 Thread 0x00000000003ae340 DEOPT PACKING pc=0x000000000ab48e34 sp=0x00000000023adb80
Event: 990.872 Thread 0x00000000003ae340 DEOPT UNPACKING pc=0x0000000009fe2b24 sp=0x00000000023ad0e0 mode 0
Event: 1013.119 Thread 0x000000001f4b0c70 Uncommon trap: trap_request=0xffffffbe fr.pc=0x0000000011c2c488 relative=0x00000000000002e8
Event: 1013.119 Thread 0x000000001f4b0c70 Uncommon trap: reason=profile_predicate action=maybe_recompile pc=0x0000000011c2c488 method=java.lang.StringUTF16.putCharsSB([BILjava/lang/CharSequence;II)V @ 18 c2
Event: 1013.119 Thread 0x000000001f4b0c70 DEOPT PACKING pc=0x0000000011c2c488 sp=0x0000000020f7e900
Event: 1013.119 Thread 0x000000001f4b0c70 DEOPT UNPACKING pc=0x0000000009fe239d sp=0x0000000020f7e878 mode 2
Event: 1013.119 Thread 0x000000001f4b0c70 Uncommon trap: trap_request=0xffffffbe fr.pc=0x0000000011c2c488 relative=0x00000000000002e8
Event: 1013.119 Thread 0x000000001f4b0c70 Uncommon trap: reason=profile_predicate action=maybe_recompile pc=0x0000000011c2c488 method=java.lang.StringUTF16.putCharsSB([BILjava/lang/CharSequence;II)V @ 18 c2
Event: 1013.119 Thread 0x000000001f4b0c70 DEOPT PACKING pc=0x0000000011c2c488 sp=0x0000000020f7e900
Event: 1013.119 Thread 0x000000001f4b0c70 DEOPT UNPACKING pc=0x0000000009fe239d sp=0x0000000020f7e878 mode 2
Event: 1013.119 Thread 0x000000001f4b0c70 Uncommon trap: trap_request=0xffffffbe fr.pc=0x0000000011c2c488 relative=0x00000000000002e8
Event: 1013.119 Thread 0x000000001f4b0c70 Uncommon trap: reason=profile_predicate action=maybe_recompile pc=0x0000000011c2c488 method=java.lang.StringUTF16.putCharsSB([BILjava/lang/CharSequence;II)V @ 18 c2
Event: 1013.119 Thread 0x000000001f4b0c70 DEOPT PACKING pc=0x0000000011c2c488 sp=0x0000000020f7e900
Event: 1013.119 Thread 0x000000001f4b0c70 DEOPT UNPACKING pc=0x0000000009fe239d sp=0x0000000020f7e878 mode 2
Event: 1013.119 Thread 0x000000001f4b0c70 Uncommon trap: trap_request=0xffffffbe fr.pc=0x0000000011c2c488 relative=0x00000000000002e8
Event: 1013.119 Thread 0x000000001f4b0c70 Uncommon trap: reason=profile_predicate action=maybe_recompile pc=0x0000000011c2c488 method=java.lang.StringUTF16.putCharsSB([BILjava/lang/CharSequence;II)V @ 18 c2
Event: 1013.119 Thread 0x000000001f4b0c70 DEOPT PACKING pc=0x0000000011c2c488 sp=0x0000000020f7e900
Event: 1013.119 Thread 0x000000001f4b0c70 DEOPT UNPACKING pc=0x0000000009fe239d sp=0x0000000020f7e878 mode 2
Event: 1070.728 Thread 0x00000000003ae340 DEOPT PACKING pc=0x000000000aac56ed sp=0x00000000023ad6d0
Event: 1070.808 Thread 0x00000000003ae340 DEOPT UNPACKING pc=0x0000000009fe2b24 sp=0x00000000023acb58 mode 0

Classes unloaded (19 events):
Event: 626.679 Thread 0x000000000043a760 Unloading class 0x0000000800e62000 'java/lang/invoke/LambdaForm$MH+0x0000000800e62000'
Event: 626.825 Thread 0x000000000043a760 Unloading class 0x0000000800e61c00 'java/lang/invoke/LambdaForm$MH+0x0000000800e61c00'
Event: 626.825 Thread 0x000000000043a760 Unloading class 0x0000000800e61800 'java/lang/invoke/LambdaForm$MH+0x0000000800e61800'
Event: 626.825 Thread 0x000000000043a760 Unloading class 0x0000000800e61400 'java/lang/invoke/LambdaForm$MH+0x0000000800e61400'
Event: 626.825 Thread 0x000000000043a760 Unloading class 0x0000000800e61000 'java/lang/invoke/LambdaForm$MH+0x0000000800e61000'
Event: 626.825 Thread 0x000000000043a760 Unloading class 0x0000000800e60c00 'java/lang/invoke/LambdaForm$MH+0x0000000800e60c00'
Event: 626.871 Thread 0x000000000043a760 Unloading class 0x0000000800ddc800 'java/lang/invoke/LambdaForm$DMH+0x0000000800ddc800'
Event: 626.871 Thread 0x000000000043a760 Unloading class 0x0000000800cf8800 'java/lang/invoke/LambdaForm$MH+0x0000000800cf8800'
Event: 626.871 Thread 0x000000000043a760 Unloading class 0x0000000800cf8000 'java/lang/invoke/LambdaForm$MH+0x0000000800cf8000'
Event: 626.952 Thread 0x000000000043a760 Unloading class 0x0000000800cf1c00 'java/lang/invoke/LambdaForm$MH+0x0000000800cf1c00'
Event: 626.952 Thread 0x000000000043a760 Unloading class 0x0000000800cf1800 'java/lang/invoke/LambdaForm$MH+0x0000000800cf1800'
Event: 626.952 Thread 0x000000000043a760 Unloading class 0x0000000800cf1000 'java/lang/invoke/LambdaForm$MH+0x0000000800cf1000'
Event: 626.952 Thread 0x000000000043a760 Unloading class 0x0000000800cf0800 'java/lang/invoke/LambdaForm$MH+0x0000000800cf0800'
Event: 626.998 Thread 0x000000000043a760 Unloading class 0x0000000800cc1c00 'java/lang/invoke/LambdaForm$DMH+0x0000000800cc1c00'
Event: 626.998 Thread 0x000000000043a760 Unloading class 0x0000000800cc1400 'java/lang/invoke/LambdaForm$DMH+0x0000000800cc1400'
Event: 627.040 Thread 0x000000000043a760 Unloading class 0x0000000800c2ec00 'jdk/internal/reflect/GeneratedConstructorAccessor6'
Event: 627.107 Thread 0x000000000043a760 Unloading class 0x0000000800c2e400 'jdk/internal/reflect/GeneratedConstructorAccessor4'
Event: 627.107 Thread 0x000000000043a760 Unloading class 0x0000000800c2e000 'jdk/internal/reflect/GeneratedConstructorAccessor3'
Event: 627.107 Thread 0x000000000043a760 Unloading class 0x0000000800c18c00 'jdk/internal/reflect/GeneratedConstructorAccessor2'

Classes redefined (0 events):
No events

Internal exceptions (20 events):
Event: 1133.301 Thread 0x000000001f4b02d0 Exception <a 'java/net/SocketException'{0x00000000e98b2a90}: Socket is not connected: shutdown> (0x00000000e98b2a90) 
thrown [t:\workspace\open\src\hotspot\share\prims\jni.cpp, line 535]
Event: 1134.126 Thread 0x000000001f4b02d0 Exception <a 'java/net/SocketException'{0x00000000e98b3db8}: Socket is not connected: shutdown> (0x00000000e98b3db8) 
thrown [t:\workspace\open\src\hotspot\share\prims\jni.cpp, line 535]
Event: 1134.951 Thread 0x000000001f4b02d0 Exception <a 'java/net/SocketException'{0x00000000e98b50e0}: Socket is not connected: shutdown> (0x00000000e98b50e0) 
thrown [t:\workspace\open\src\hotspot\share\prims\jni.cpp, line 535]
Event: 1135.773 Thread 0x000000001f4b02d0 Exception <a 'java/net/SocketException'{0x00000000e98b70b8}: Socket is not connected: shutdown> (0x00000000e98b70b8) 
thrown [t:\workspace\open\src\hotspot\share\prims\jni.cpp, line 535]
Event: 1136.598 Thread 0x000000001f4b02d0 Exception <a 'java/net/SocketException'{0x00000000e98b83e0}: Socket is not connected: shutdown> (0x00000000e98b83e0) 
thrown [t:\workspace\open\src\hotspot\share\prims\jni.cpp, line 535]
Event: 1137.421 Thread 0x000000001f4b02d0 Exception <a 'java/net/SocketException'{0x00000000e98b9708}: Socket is not connected: shutdown> (0x00000000e98b9708) 
thrown [t:\workspace\open\src\hotspot\share\prims\jni.cpp, line 535]
Event: 1138.247 Thread 0x000000001f4b02d0 Exception <a 'java/net/SocketException'{0x00000000e98bc188}: Socket is not connected: shutdown> (0x00000000e98bc188) 
thrown [t:\workspace\open\src\hotspot\share\prims\jni.cpp, line 535]
Event: 1139.074 Thread 0x000000001f4b02d0 Exception <a 'java/net/SocketException'{0x00000000e98bd4b0}: Socket is not connected: shutdown> (0x00000000e98bd4b0) 
thrown [t:\workspace\open\src\hotspot\share\prims\jni.cpp, line 535]
Event: 1139.895 Thread 0x000000001f4b02d0 Exception <a 'java/net/SocketException'{0x00000000e98bf480}: Socket is not connected: shutdown> (0x00000000e98bf480) 
thrown [t:\workspace\open\src\hotspot\share\prims\jni.cpp, line 535]
Event: 1140.719 Thread 0x000000001f4b02d0 Exception <a 'java/net/SocketException'{0x00000000e98c07a8}: Socket is not connected: shutdown> (0x00000000e98c07a8) 
thrown [t:\workspace\open\src\hotspot\share\prims\jni.cpp, line 535]
Event: 1141.543 Thread 0x000000001f4b02d0 Exception <a 'java/net/SocketException'{0x00000000e98c1ad0}: Socket is not connected: shutdown> (0x00000000e98c1ad0) 
thrown [t:\workspace\open\src\hotspot\share\prims\jni.cpp, line 535]
Event: 1142.366 Thread 0x000000001f4b02d0 Exception <a 'java/net/SocketException'{0x00000000e98c3c98}: Socket is not connected: shutdown> (0x00000000e98c3c98) 
thrown [t:\workspace\open\src\hotspot\share\prims\jni.cpp, line 535]
Event: 1143.191 Thread 0x000000001f4b02d0 Exception <a 'java/net/SocketException'{0x00000000e98c4fc0}: Socket is not connected: shutdown> (0x00000000e98c4fc0) 
thrown [t:\workspace\open\src\hotspot\share\prims\jni.cpp, line 535]
Event: 1144.012 Thread 0x000000001f4b02d0 Exception <a 'java/net/SocketException'{0x00000000e98c62e8}: Socket is not connected: shutdown> (0x00000000e98c62e8) 
thrown [t:\workspace\open\src\hotspot\share\prims\jni.cpp, line 535]
Event: 1144.836 Thread 0x000000001f4b02d0 Exception <a 'java/net/SocketException'{0x00000000e98c82c0}: Socket is not connected: shutdown> (0x00000000e98c82c0) 
thrown [t:\workspace\open\src\hotspot\share\prims\jni.cpp, line 535]
Event: 1145.660 Thread 0x000000001f4b02d0 Exception <a 'java/net/SocketException'{0x00000000e98c95e8}: Socket is not connected: shutdown> (0x00000000e98c95e8) 
thrown [t:\workspace\open\src\hotspot\share\prims\jni.cpp, line 535]
Event: 1146.483 Thread 0x000000001f4b02d0 Exception <a 'java/net/SocketException'{0x00000000e98ca910}: Socket is not connected: shutdown> (0x00000000e98ca910) 
thrown [t:\workspace\open\src\hotspot\share\prims\jni.cpp, line 535]
Event: 1147.305 Thread 0x000000001f4b02d0 Exception <a 'java/net/SocketException'{0x00000000e98cc8f8}: Socket is not connected: shutdown> (0x00000000e98cc8f8) 
thrown [t:\workspace\open\src\hotspot\share\prims\jni.cpp, line 535]
Event: 1148.127 Thread 0x000000001f4b02d0 Exception <a 'java/net/SocketException'{0x00000000e98cdc20}: Socket is not connected: shutdown> (0x00000000e98cdc20) 
thrown [t:\workspace\open\src\hotspot\share\prims\jni.cpp, line 535]
Event: 1148.955 Thread 0x000000001f4b02d0 Exception <a 'java/net/SocketException'{0x00000000e98cef48}: Socket is not connected: shutdown> (0x00000000e98cef48) 
thrown [t:\workspace\open\src\hotspot\share\prims\jni.cpp, line 535]

VM Operations (20 events):
Event: 1073.231 Executing VM operation: Cleanup
Event: 1073.231 Executing VM operation: Cleanup done
Event: 1088.232 Executing VM operation: Cleanup
Event: 1088.232 Executing VM operation: Cleanup done
Event: 1090.232 Executing VM operation: Cleanup
Event: 1090.232 Executing VM operation: Cleanup done
Event: 1092.232 Executing VM operation: Cleanup
Event: 1092.284 Executing VM operation: Cleanup done
Event: 1093.644 Executing VM operation: G1CollectForAllocation
Event: 1094.090 Executing VM operation: G1CollectForAllocation done
Event: 1094.317 Executing VM operation: G1Concurrent
Event: 1094.324 Executing VM operation: G1Concurrent done
Event: 1094.339 Executing VM operation: G1Concurrent
Event: 1094.339 Executing VM operation: G1Concurrent done
Event: 1096.339 Executing VM operation: Cleanup
Event: 1096.394 Executing VM operation: Cleanup done
Event: 1103.394 Executing VM operation: Cleanup
Event: 1103.394 Executing VM operation: Cleanup done
Event: 1106.394 Executing VM operation: Cleanup
Event: 1106.419 Executing VM operation: Cleanup done

Events (20 events):
Event: 1050.699 Thread 0x000000001ec7afa0 Thread added: 0x000000001ec7afa0
Event: 1050.704 Thread 0x000000001ec7b470 Thread added: 0x000000001ec7b470
Event: 1051.131 Thread 0x000000001ec7b940 Thread added: 0x000000001ec7b940
Event: 1051.131 Thread 0x000000001ec7be10 Thread added: 0x000000001ec7be10
Event: 1071.990 Thread 0x000000001ec7c2e0 Thread added: 0x000000001ec7c2e0
Event: 1071.990 Thread 0x000000001ec7c7b0 Thread added: 0x000000001ec7c7b0
Event: 1071.991 Thread 0x000000001ec7cc80 Thread added: 0x000000001ec7cc80
Event: 1071.993 Thread 0x000000001ec7d150 Thread added: 0x000000001ec7d150
Event: 1074.621 Thread 0x000000001ec7d620 Thread added: 0x000000001ec7d620
Event: 1074.621 Thread 0x00000000206f4010 Thread added: 0x00000000206f4010
Event: 1088.175 Thread 0x00000000206f44e0 Thread added: 0x00000000206f44e0
Event: 1092.063 Thread 0x00000000206f49b0 Thread added: 0x00000000206f49b0
Event: 1092.064 Thread 0x00000000206f4e80 Thread added: 0x00000000206f4e80
Event: 1092.064 Thread 0x00000000206f5350 Thread added: 0x00000000206f5350
Event: 1092.068 Thread 0x00000000206f5820 Thread added: 0x00000000206f5820
Event: 1092.068 Thread 0x00000000206f5cf0 Thread added: 0x00000000206f5cf0
Event: 1093.176 Thread 0x00000000206f44e0 Thread exited: 0x00000000206f44e0
Event: 1106.051 Thread 0x00000000206f44e0 Thread added: 0x00000000206f44e0
Event: 1111.169 Thread 0x00000000206f44e0 Thread exited: 0x00000000206f44e0
Event: 1148.186 Thread 0x000000001f4afe00 Thread exited: 0x000000001f4afe00


Dynamic libraries:
0x000000013f370000 - 0x000000013f380000 	C:\Program Files\Java\jdk-17.0.1\bin\java.exe
0x0000000077750000 - 0x00000000778ef000 	C:\Windows\SYSTEM32\ntdll.dll
0x0000000077630000 - 0x000000007774f000 	C:\Windows\system32\kernel32.dll
0x000007fefd3b0000 - 0x000007fefd41a000 	C:\Windows\system32\KERNELBASE.dll
0x000007fef3e90000 - 0x000007fef3ea8000 	C:\Program Files\Java\jdk-17.0.1\bin\jli.dll
0x000007fefe930000 - 0x000007fefea0b000 	C:\Windows\system32\ADVAPI32.dll
0x000007feff530000 - 0x000007feff5cf000 	C:\Windows\system32\msvcrt.dll
0x000007feff260000 - 0x000007feff27f000 	C:\Windows\SYSTEM32\sechost.dll
0x000007fefe460000 - 0x000007fefe58c000 	C:\Windows\system32\RPCRT4.dll
0x000007fefbcf0000 - 0x000007fefbee4000 	C:\Windows\WinSxS\amd64_microsoft.windows.common-controls_6595b64144ccf1df_6.0.7601.18837_none_fa3b1e3d17594757\COMCTL32.dll
0x000007fefedd0000 - 0x000007fefee37000 	C:\Windows\system32\GDI32.dll
0x0000000077530000 - 0x000000007762a000 	C:\Windows\system32\USER32.dll
0x000007feff5d0000 - 0x000007feff5de000 	C:\Windows\system32\LPK.dll
0x000007feff460000 - 0x000007feff52b000 	C:\Windows\system32\USP10.dll
0x000007fefe590000 - 0x000007fefe601000 	C:\Windows\system32\SHLWAPI.dll
0x000007fefc3b0000 - 0x000007fefc3bc000 	C:\Windows\system32\VERSION.dll
0x000007fef3970000 - 0x000007fef398a000 	C:\Program Files\Java\jdk-17.0.1\bin\VCRUNTIME140.dll
0x000007fef4a50000 - 0x000007fef4a54000 	C:\Program Files\Java\jdk-17.0.1\bin\api-ms-win-crt-runtime-l1-1-0.dll
0x000007feeadc0000 - 0x000007feeaeba000 	C:\Program Files\Java\jdk-17.0.1\bin\ucrtbase.DLL
0x000007fef39a0000 - 0x000007fef39a3000 	C:\Program Files\Java\jdk-17.0.1\bin\api-ms-win-core-localization-l1-2-0.dll
0x000007fef3960000 - 0x000007fef3963000 	C:\Program Files\Java\jdk-17.0.1\bin\api-ms-win-core-processthreads-l1-1-1.dll
0x000007fef3950000 - 0x000007fef3953000 	C:\Program Files\Java\jdk-17.0.1\bin\api-ms-win-core-file-l1-2-0.dll
0x000007fef3940000 - 0x000007fef3943000 	C:\Program Files\Java\jdk-17.0.1\bin\api-ms-win-core-timezone-l1-1-0.dll
0x000007fef3900000 - 0x000007fef3903000 	C:\Program Files\Java\jdk-17.0.1\bin\api-ms-win-core-file-l2-1-0.dll
0x000007fef38b0000 - 0x000007fef38b3000 	C:\Program Files\Java\jdk-17.0.1\bin\api-ms-win-core-synch-l1-2-0.dll
0x000007fef38c0000 - 0x000007fef38c3000 	C:\Program Files\Java\jdk-17.0.1\bin\api-ms-win-crt-heap-l1-1-0.dll
0x000007fef36c0000 - 0x000007fef36c4000 	C:\Program Files\Java\jdk-17.0.1\bin\api-ms-win-crt-string-l1-1-0.dll
0x000007fef3740000 - 0x000007fef3744000 	C:\Program Files\Java\jdk-17.0.1\bin\api-ms-win-crt-stdio-l1-1-0.dll
0x000007fef36a0000 - 0x000007fef36a4000 	C:\Program Files\Java\jdk-17.0.1\bin\api-ms-win-crt-convert-l1-1-0.dll
0x000007fef36b0000 - 0x000007fef36b3000 	C:\Program Files\Java\jdk-17.0.1\bin\api-ms-win-crt-environment-l1-1-0.dll
0x000007fef2400000 - 0x000007fef2403000 	C:\Program Files\Java\jdk-17.0.1\bin\api-ms-win-crt-filesystem-l1-1-0.dll
0x000007fef3690000 - 0x000007fef3695000 	C:\Program Files\Java\jdk-17.0.1\bin\api-ms-win-crt-math-l1-1-0.dll
0x000007fef23e0000 - 0x000007fef23e3000 	C:\Program Files\Java\jdk-17.0.1\bin\api-ms-win-crt-locale-l1-1-0.dll
0x000007fefe610000 - 0x000007fefe63e000 	C:\Windows\system32\IMM32.DLL
0x000007fefeab0000 - 0x000007fefebb9000 	C:\Windows\system32\MSCTF.dll
0x000007fef23f0000 - 0x000007fef23fc000 	C:\Program Files\Java\jdk-17.0.1\bin\vcruntime140_1.dll
0x000007feeb2b0000 - 0x000007feeb33d000 	C:\Program Files\Java\jdk-17.0.1\bin\msvcp140.dll
0x000007fef23c0000 - 0x000007fef23c3000 	C:\Program Files\Java\jdk-17.0.1\bin\api-ms-win-crt-time-l1-1-0.dll
0x000007fef23d0000 - 0x000007fef23d3000 	C:\Program Files\Java\jdk-17.0.1\bin\api-ms-win-crt-utility-l1-1-0.dll
0x000007fee7a60000 - 0x000007fee861e000 	C:\Program Files\Java\jdk-17.0.1\bin\server\jvm.dll
0x000007fef8740000 - 0x000007fef8749000 	C:\Windows\system32\WSOCK32.dll
0x000007fefef40000 - 0x000007fefef8d000 	C:\Windows\system32\WS2_32.dll
0x000007fefe720000 - 0x000007fefe728000 	C:\Windows\system32\NSI.dll
0x000007fefa540000 - 0x000007fefa57b000 	C:\Windows\system32\WINMM.dll
0x0000000077900000 - 0x0000000077907000 	C:\Windows\system32\PSAPI.DLL
0x000007fef23a0000 - 0x000007fef23aa000 	C:\Program Files\Java\jdk-17.0.1\bin\jimage.dll
0x000007fef5170000 - 0x000007fef5295000 	C:\Windows\system32\DBGHELP.DLL
0x000007feeb8d0000 - 0x000007feeb8f5000 	C:\Program Files\Java\jdk-17.0.1\bin\java.dll
0x000007feeb170000 - 0x000007feeb246000 	C:\Program Files\Java\jdk-17.0.1\bin\svml.dll
0x000007fefd6b0000 - 0x000007fefe43b000 	C:\Windows\system32\SHELL32.dll
0x000007fefe730000 - 0x000007fefe92d000 	C:\Windows\system32\ole32.dll
0x000007fefd2f0000 - 0x000007fefd2ff000 	C:\Windows\system32\profapi.dll
0x000007fef1780000 - 0x000007fef1799000 	C:\Program Files\Java\jdk-17.0.1\bin\net.dll
0x000007fef95b0000 - 0x000007fef9621000 	C:\Windows\system32\WINHTTP.dll
0x000007fef9540000 - 0x000007fef95a5000 	C:\Windows\system32\webio.dll
0x000007fefca30000 - 0x000007fefca85000 	C:\Windows\system32\mswsock.dll
0x000007fefca20000 - 0x000007fefca27000 	C:\Windows\System32\wship6.dll
0x000007feebb40000 - 0x000007feebb55000 	C:\Program Files\Java\jdk-17.0.1\bin\nio.dll
0x000007feeb8b0000 - 0x000007feeb8c8000 	C:\Program Files\Java\jdk-17.0.1\bin\zip.dll
0x000007fef23b0000 - 0x000007fef23c0000 	C:\Program Files\Java\jdk-17.0.1\bin\verify.dll
0x000007feeb880000 - 0x000007feeb88e000 	C:\Program Files\Java\jdk-17.0.1\bin\sunmscapi.dll
0x000007fefd4a0000 - 0x000007fefd60d000 	C:\Windows\system32\CRYPT32.dll
0x000007fefd300000 - 0x000007fefd30f000 	C:\Windows\system32\MSASN1.dll
0x000007fefcc60000 - 0x000007fefccb0000 	C:\Windows\system32\ncrypt.dll
0x000007fefcc30000 - 0x000007fefcc52000 	C:\Windows\system32\bcrypt.dll
0x000007fefca90000 - 0x000007fefcaa8000 	C:\Windows\system32\CRYPTSP.dll
0x000007fefc790000 - 0x000007fefc7d7000 	C:\Windows\system32\rsaenh.dll
0x000007fefd480000 - 0x000007fefd49e000 	C:\Windows\system32\USERENV.dll
0x000007fefd190000 - 0x000007fefd19f000 	C:\Windows\system32\CRYPTBASE.dll
0x000007fefaa20000 - 0x000007fefaa47000 	C:\Windows\system32\IPHLPAPI.DLL
0x000007fefaa10000 - 0x000007fefaa1b000 	C:\Windows\system32\WINNSI.DLL
0x000007fef9e80000 - 0x000007fef9e91000 	C:\Windows\system32\dhcpcsvc6.DLL
0x000007fef9e00000 - 0x000007fef9e18000 	C:\Windows\system32\dhcpcsvc.DLL
0x000007fefab30000 - 0x000007fefab45000 	C:\Windows\system32\NLAapi.dll
0x000007fefb2e0000 - 0x000007fefb2f5000 	C:\Windows\system32\napinsp.dll
0x000007fefb2c0000 - 0x000007fefb2d9000 	C:\Windows\system32\pnrpnsp.dll
0x000007fefc8b0000 - 0x000007fefc90b000 	C:\Windows\system32\DNSAPI.dll
0x000007fefbb20000 - 0x000007fefbb2b000 	C:\Windows\System32\winrnr.dll
0x000007fefc480000 - 0x000007fefc487000 	C:\Windows\System32\wshtcpip.dll
0x000007fef8b80000 - 0x000007fef8b88000 	C:\Windows\system32\rasadhlp.dll
0x000007fef9eb0000 - 0x000007fef9f03000 	C:\Windows\System32\fwpuclnt.dll
0x000007feec290000 - 0x000007feec299000 	C:\Program Files\Java\jdk-17.0.1\bin\management.dll
0x000007feec260000 - 0x000007feec26b000 	C:\Program Files\Java\jdk-17.0.1\bin\management_ext.dll
0x000007fefd130000 - 0x000007fefd187000 	C:\Windows\system32\apphelp.dll

dbghelp: loaded successfully - version: 4.0.5 - missing functions: none
symbol engine: initialized successfully - sym options: 0x614 - pdb path: .;C:\Program Files\Java\jdk-17.0.1\bin;C:\Windows\SYSTEM32;C:\Windows\WinSxS\amd64_microsoft.windows.common-controls_6595b64144ccf1df_6.0.7601.18837_none_fa3b1e3d17594757;C:\Program Files\Java\jdk-17.0.1\bin\server

VM Arguments:
java_command: C:\automation\Automation\greenmio-test\target\surefire\surefirebooter2666346632702173172.jar C:\automation\Automation\greenmio-test\target\surefire\surefire7123546237566612397tmp C:\automation\Automation\greenmio-test\target\surefire\surefire_05999164085684263830tmp
java_class_path (initial): C:\automation\Automation\greenmio-test\target\surefire\surefirebooter2666346632702173172.jar
Launcher Type: SUN_STANDARD

[Global flags]
     intx CICompilerCount                          = 2                                         {product} {ergonomic}
     uint ConcGCThreads                            = 1                                         {product} {ergonomic}
     uint G1ConcRefinementThreads                  = 2                                         {product} {ergonomic}
   size_t G1HeapRegionSize                         = 1048576                                   {product} {ergonomic}
    uintx GCDrainStackTargetSize                   = 64                                        {product} {ergonomic}
   size_t InitialHeapSize                          = 33554432                                  {product} {ergonomic}
   size_t MarkStackSize                            = 4194304                                   {product} {ergonomic}
   size_t MaxHeapSize                              = 536870912                                 {product} {ergonomic}
   size_t MaxNewSize                               = 321912832                                 {product} {ergonomic}
   size_t MinHeapDeltaBytes                        = 1048576                                   {product} {ergonomic}
   size_t MinHeapSize                              = 8388608                                   {product} {ergonomic}
    uintx NonNMethodCodeHeapSize                   = 5826188                                {pd product} {ergonomic}
    uintx NonProfiledCodeHeapSize                  = 122916026                              {pd product} {ergonomic}
    uintx ProfiledCodeHeapSize                     = 122916026                              {pd product} {ergonomic}
    uintx ReservedCodeCacheSize                    = 251658240                              {pd product} {ergonomic}
     bool SegmentedCodeCache                       = true                                      {product} {ergonomic}
   size_t SoftMaxHeapSize                          = 536870912                              {manageable} {ergonomic}
     bool UseCompressedClassPointers               = true                           {product lp64_product} {ergonomic}
     bool UseCompressedOops                        = true                           {product lp64_product} {ergonomic}
     bool UseG1GC                                  = true                                      {product} {ergonomic}
     bool UseLargePagesIndividualAllocation        = false                                  {pd product} {ergonomic}

Logging:
Log output configuration:
 #0: stdout all=warning uptime,level,tags
 #1: stderr all=off uptime,level,tags

Environment Variables:
JAVA_HOME=C:\Program Files\Java\jdk-17.0.1
PATH=C:\Program Files\Common Files\Oracle\Java\javapath;C:\Program Files (x86)\Common Files\Oracle\Java\javapath;C:\Windows\system32;C:\Windows;C:\Windows\System32\Wbem;C:\Windows\System32\WindowsPowerShell\v1.0\;C:\Program Files\Git\cmd;C:\Program Files\TortoiseGit\bin;C:\Program Files\Java\jdk-17.0.1\bin;C:\Program Files\maven\bin;C:\Users\User\AppData\Local\Programs\Python\Python38\Scripts\;C:\Users\User\AppData\Local\Programs\Python\Python38\;C:\Program Files\maven\bin;C:\Program Files\JetBrains\IntelliJ IDEA Community Edition 2019.2.4\bin;
USERNAME=User
OS=Windows_NT
PROCESSOR_IDENTIFIER=Intel64 Family 6 Model 15 Stepping 13, GenuineIntel



---------------  S Y S T E M  ---------------

OS:
 Windows 7 , 64 bit Build 7601 (6.1.7601.24384)
OS uptime: 0 days 13:21 hours

CPU: total 2 (initial active 2) (2 cores per cpu, 1 threads per core) family 6 model 15 stepping 13 microcode 0x0, cx8, cmov, fxsr, mmx, sse, sse2, sse3, ssse3, tsc, clflush

Memory: 4k page, system-wide physical 2046M (120M free)
TotalPageFile size 8185M (AvailPageFile size 6M)
current process WorkingSet (physical memory assigned to process): 81M, peak: 230M
current process commit charge ("private bytes"): 342M, peak: 361M

vm_info: Java HotSpot(TM) 64-Bit Server VM (17.0.1+12-LTS-39) for windows-amd64 JRE (17.0.1+12-LTS-39), built on Sep 27 2021 18:41:35 by "mach5one" with MS VC++ 16.8 (VS2019)

END.
